app/build/outputs/logs/manifest-merger-debug-report.txt
-- Merging decision tree log ---
manifest
ADDED from src\main\AndroidManifest.xml:2:1-45:12
	package
		ADDED from src\main\AndroidManifest.xml:3:5-39
		INJECTED from src\main\AndroidManifest.xml
		INJECTED from src\main\AndroidManifest.xml
	android:versionName
		INJECTED from src\main\AndroidManifest.xml
		INJECTED from src\main\AndroidManifest.xml
	xmlns:android
		ADDED from src\main\AndroidManifest.xml:2:11-69
	android:versionCode
		INJECTED from src\main\AndroidManifest.xml
		INJECTED from src\main\AndroidManifest.xml
uses-permission#android.permission.BLUETOOTH
ADDED from src\main\AndroidManifest.xml:5:5-68
	android:name
		ADDED from src\main\AndroidManifest.xml:5:22-65
uses-permission#android.permission.BLUETOOTH_ADMIN
ADDED from src\main\AndroidManifest.xml:6:5-74
	android:name
		ADDED from src\main\AndroidManifest.xml:6:22-71
application
ADDED from src\main\AndroidManifest.xml:8:5-43:19
MERGED from [com.android.support:design:23.1.1] AndroidManifest.xml:22:5-20
MERGED from [com.android.support:appcompat-v7:23.1.1] AndroidManifest.xml:22:5-20
MERGED from [com.android.support:support-v4:23.1.1] AndroidManifest.xml:22:5-20
	android:label
		ADDED from src\main\AndroidManifest.xml:11:9-41
	android:supportsRtl
		ADDED from src\main\AndroidManifest.xml:12:9-35
	android:allowBackup
		ADDED from src\main\AndroidManifest.xml:9:9-35
	android:icon
		ADDED from src\main\AndroidManifest.xml:10:9-43
	android:theme
		ADDED from src\main\AndroidManifest.xml:13:9-40
activity#group04.fitnessmobileapp.MainActivity
ADDED from src\main\AndroidManifest.xml:14:9-24:20
	android:screenOrientation
		ADDED from src\main\AndroidManifest.xml:18:13-49
	android:label
		ADDED from src\main\AndroidManifest.xml:16:13-45
	android:theme
		ADDED from src\main\AndroidManifest.xml:17:13-56
	android:name
		ADDED from src\main\AndroidManifest.xml:15:13-41
intent-filter#android.intent.action.MAIN+android.intent.category.LAUNCHER
ADDED from src\main\AndroidManifest.xml:19:13-23:29
action#android.intent.action.MAIN
ADDED from src\main\AndroidManifest.xml:20:17-69
	android:name
		ADDED from src\main\AndroidManifest.xml:20:25-66
category#android.intent.category.LAUNCHER
ADDED from src\main\AndroidManifest.xml:22:17-77
	android:name
		ADDED from src\main\AndroidManifest.xml:22:27-74
activity#group04.fitnessmobileapp.ExerciseActivity
ADDED from src\main\AndroidManifest.xml:25:9-29:52
	android:screenOrientation
		ADDED from src\main\AndroidManifest.xml:29:13-49
	android:label
		ADDED from src\main\AndroidManifest.xml:27:13-45
	android:theme
		ADDED from src\main\AndroidManifest.xml:28:13-56
	android:name
		ADDED from src\main\AndroidManifest.xml:26:13-45
activity#group04.fitnessmobileapp.ProfileActivity
ADDED from src\main\AndroidManifest.xml:30:9-32:52
	android:screenOrientation
		ADDED from src\main\AndroidManifest.xml:32:13-49
	android:name
		ADDED from src\main\AndroidManifest.xml:31:13-44
activity#group04.fitnessmobileapp.SettingActivity
ADDED from src\main\AndroidManifest.xml:33:9-35:52
	android:screenOrientation
		ADDED from src\main\AndroidManifest.xml:35:13-49
	android:name
		ADDED from src\main\AndroidManifest.xml:34:13-44
activity#group04.fitnessmobileapp.TrainingProgramActivity
ADDED from src\main\AndroidManifest.xml:36:9-38:52
	android:screenOrientation
		ADDED from src\main\AndroidManifest.xml:38:13-49
	android:name
		ADDED from src\main\AndroidManifest.xml:37:13-52
activity#group04.fitnessmobileapp.ExerciseSelectionActivity
ADDED from src\main\AndroidManifest.xml:39:9-41:52
	android:screenOrientation
		ADDED from src\main\AndroidManifest.xml:41:13-49
	android:name
		ADDED from src\main\AndroidManifest.xml:40:13-54
service#group04.fitnessmobileapp.BluetoothService
ADDED from src\main\AndroidManifest.xml:42:9-75
	android:enabled
		ADDED from src\main\AndroidManifest.xml:42:51-73
	android:name
		ADDED from src\main\AndroidManifest.xml:42:18-50
uses-sdk
INJECTED from src\main\AndroidManifest.xml reason: use-sdk injection requested
MERGED from [com.android.support:design:23.1.1] AndroidManifest.xml:20:5-43
MERGED from [com.android.support:appcompat-v7:23.1.1] AndroidManifest.xml:20:5-43
MERGED from [com.android.support:support-v4:23.1.1] AndroidManifest.xml:20:5-43
MERGED from [com.android.support:recyclerview-v7:23.1.1] AndroidManifest.xml:20:5-43
	android:targetSdkVersion
		INJECTED from src\main\AndroidManifest.xml
		INJECTED from src\main\AndroidManifest.xml
	android:minSdkVersion
		INJECTED from src\main\AndroidManifest.xml
		INJECTED from src\main\AndroidManifest.xml